[0.011s] Invoking command in '/home/student/484_finalProj_frontier/tb4_ws/build/my_robot_bringup': CMAKE_PREFIX_PATH=${CMAKE_PREFIX_PATH}:/opt/ros/jazzy DEBUGINFOD_URLS=https://debuginfod.ubuntu.com /usr/bin/cmake /home/student/484_finalProj_frontier/tb4_ws/my_robot_bringup -DCMAKE_INSTALL_PREFIX=/home/student/484_finalProj_frontier/tb4_ws/install/my_robot_bringup
[0.117s] -- The C compiler identification is GNU 13.3.0
[0.182s] -- The CXX compiler identification is GNU 13.3.0
[0.198s] -- Detecting C compiler ABI info
[0.284s] -- Detecting C compiler ABI info - done
[0.290s] -- Check for working C compiler: /usr/bin/cc - skipped
[0.291s] -- Detecting C compile features
[0.291s] -- Detecting C compile features - done
[0.299s] -- Detecting CXX compiler ABI info
[0.371s] -- Detecting CXX compiler ABI info - done
[0.380s] -- Check for working CXX compiler: /usr/bin/c++ - skipped
[0.380s] -- Detecting CXX compile features
[0.380s] -- Detecting CXX compile features - done
[0.390s] -- Found ament_cmake: 2.5.5 (/opt/ros/jazzy/share/ament_cmake/cmake)
[0.495s] -- Found Python3: /usr/bin/python3 (found version "3.12.3") found components: Interpreter 
[0.583s] -- Found ament_lint_auto: 0.17.4 (/opt/ros/jazzy/share/ament_lint_auto/cmake)
[0.658s] -- Added test 'flake8' to check Python code syntax and style conventions
[0.658s] -- Configured 'flake8' exclude dirs and/or files: 
[0.659s] -- Added test 'lint_cmake' to check CMake code style
[0.659s] -- Added test 'pep257' to check Python code against some of the docstring style conventions in PEP 257
[0.660s] -- Added test 'xmllint' to check XML markup files
[0.661s] -- Configuring done (0.6s)
[0.663s] -- Generating done (0.0s)
[0.665s] -- Build files have been written to: /home/student/484_finalProj_frontier/tb4_ws/build/my_robot_bringup
[0.669s] Invoked command in '/home/student/484_finalProj_frontier/tb4_ws/build/my_robot_bringup' returned '0': CMAKE_PREFIX_PATH=${CMAKE_PREFIX_PATH}:/opt/ros/jazzy DEBUGINFOD_URLS=https://debuginfod.ubuntu.com /usr/bin/cmake /home/student/484_finalProj_frontier/tb4_ws/my_robot_bringup -DCMAKE_INSTALL_PREFIX=/home/student/484_finalProj_frontier/tb4_ws/install/my_robot_bringup
[0.671s] Invoking command in '/home/student/484_finalProj_frontier/tb4_ws/build/my_robot_bringup': CMAKE_PREFIX_PATH=${CMAKE_PREFIX_PATH}:/opt/ros/jazzy DEBUGINFOD_URLS=https://debuginfod.ubuntu.com /usr/bin/cmake --build /home/student/484_finalProj_frontier/tb4_ws/build/my_robot_bringup -- -j22 -l22
[0.705s] Invoked command in '/home/student/484_finalProj_frontier/tb4_ws/build/my_robot_bringup' returned '0': CMAKE_PREFIX_PATH=${CMAKE_PREFIX_PATH}:/opt/ros/jazzy DEBUGINFOD_URLS=https://debuginfod.ubuntu.com /usr/bin/cmake --build /home/student/484_finalProj_frontier/tb4_ws/build/my_robot_bringup -- -j22 -l22
[0.712s] Invoking command in '/home/student/484_finalProj_frontier/tb4_ws/build/my_robot_bringup': CMAKE_PREFIX_PATH=${CMAKE_PREFIX_PATH}:/opt/ros/jazzy DEBUGINFOD_URLS=https://debuginfod.ubuntu.com /usr/bin/cmake --install /home/student/484_finalProj_frontier/tb4_ws/build/my_robot_bringup
[0.718s] -- Install configuration: ""
[0.718s] -- Installing: /home/student/484_finalProj_frontier/tb4_ws/install/my_robot_bringup/share/my_robot_bringup/launch
[0.718s] -- Installing: /home/student/484_finalProj_frontier/tb4_ws/install/my_robot_bringup/share/my_robot_bringup/launch/autonomy.launch.py
[0.718s] -- Installing: /home/student/484_finalProj_frontier/tb4_ws/install/my_robot_bringup/share/ament_index/resource_index/package_run_dependencies/my_robot_bringup
[0.718s] -- Installing: /home/student/484_finalProj_frontier/tb4_ws/install/my_robot_bringup/share/ament_index/resource_index/parent_prefix_path/my_robot_bringup
[0.719s] -- Installing: /home/student/484_finalProj_frontier/tb4_ws/install/my_robot_bringup/share/my_robot_bringup/environment/ament_prefix_path.sh
[0.719s] -- Installing: /home/student/484_finalProj_frontier/tb4_ws/install/my_robot_bringup/share/my_robot_bringup/environment/ament_prefix_path.dsv
[0.719s] -- Installing: /home/student/484_finalProj_frontier/tb4_ws/install/my_robot_bringup/share/my_robot_bringup/environment/path.sh
[0.719s] -- Installing: /home/student/484_finalProj_frontier/tb4_ws/install/my_robot_bringup/share/my_robot_bringup/environment/path.dsv
[0.719s] -- Installing: /home/student/484_finalProj_frontier/tb4_ws/install/my_robot_bringup/share/my_robot_bringup/local_setup.bash
[0.719s] -- Installing: /home/student/484_finalProj_frontier/tb4_ws/install/my_robot_bringup/share/my_robot_bringup/local_setup.sh
[0.719s] -- Installing: /home/student/484_finalProj_frontier/tb4_ws/install/my_robot_bringup/share/my_robot_bringup/local_setup.zsh
[0.719s] -- Installing: /home/student/484_finalProj_frontier/tb4_ws/install/my_robot_bringup/share/my_robot_bringup/local_setup.dsv
[0.719s] -- Installing: /home/student/484_finalProj_frontier/tb4_ws/install/my_robot_bringup/share/my_robot_bringup/package.dsv
[0.719s] -- Installing: /home/student/484_finalProj_frontier/tb4_ws/install/my_robot_bringup/share/ament_index/resource_index/packages/my_robot_bringup
[0.719s] -- Installing: /home/student/484_finalProj_frontier/tb4_ws/install/my_robot_bringup/share/my_robot_bringup/cmake/my_robot_bringupConfig.cmake
[0.719s] -- Installing: /home/student/484_finalProj_frontier/tb4_ws/install/my_robot_bringup/share/my_robot_bringup/cmake/my_robot_bringupConfig-version.cmake
[0.719s] -- Installing: /home/student/484_finalProj_frontier/tb4_ws/install/my_robot_bringup/share/my_robot_bringup/package.xml
[0.720s] Invoked command in '/home/student/484_finalProj_frontier/tb4_ws/build/my_robot_bringup' returned '0': CMAKE_PREFIX_PATH=${CMAKE_PREFIX_PATH}:/opt/ros/jazzy DEBUGINFOD_URLS=https://debuginfod.ubuntu.com /usr/bin/cmake --install /home/student/484_finalProj_frontier/tb4_ws/build/my_robot_bringup
